2023-05-21 10:51:14.832 [http-nio-16111-exec-1] DEBUG org.hibernate.SQL - select consignrec0_.consign_record_id as consign_1_0_0_, consignrec0_.user_id as user_id2_0_0_, consignrec0_.consignee as consigne3_0_0_, consignrec0_.from_place as from_pla4_0_0_, consignrec0_.handle_date as handle_d5_0_0_, consignrec0_.order_id as order_id6_0_0_, consignrec0_.consign_record_phone as consign_7_0_0_, consignrec0_.consign_record_price as consign_8_0_0_, consignrec0_.target_date as target_d9_0_0_, consignrec0_.to_place as to_plac10_0_0_, consignrec0_.weight as weight11_0_0_ from consign_record consignrec0_ where consignrec0_.consign_record_id=?
2023-05-21 10:51:14.843 [http-nio-16111-exec-1] TRACE o.h.type.descriptor.sql.BasicBinder - binding parameter [1] as [VARCHAR] - [c15a65ac-91fe-42f5-82c8-06872b5e0de1]
2023-05-21 10:51:14.932 [http-nio-16111-exec-1] DEBUG org.hibernate.SQL - insert into consign_record (user_id, consignee, from_place, handle_date, order_id, consign_record_phone, consign_record_price, target_date, to_place, weight, consign_record_id) values (?, ?, ?, ?, ?, ?, ?, ?, ?, ?, ?)
2023-05-21 10:51:14.933 [http-nio-16111-exec-1] TRACE o.h.type.descriptor.sql.BasicBinder - binding parameter [1] as [VARCHAR] - [3e5a07f4-4a9c-44cd-9997-1ce77883fc45]
2023-05-21 10:51:14.933 [http-nio-16111-exec-1] TRACE o.h.type.descriptor.sql.BasicBinder - binding parameter [2] as [VARCHAR] - [张三]
2023-05-21 10:51:14.933 [http-nio-16111-exec-1] TRACE o.h.type.descriptor.sql.BasicBinder - binding parameter [3] as [VARCHAR] - [上海]
2023-05-21 10:51:14.933 [http-nio-16111-exec-1] TRACE o.h.type.descriptor.sql.BasicBinder - binding parameter [4] as [VARCHAR] - [2023-04-07 09:34:00]
2023-05-21 10:51:14.933 [http-nio-16111-exec-1] TRACE o.h.type.descriptor.sql.BasicBinder - binding parameter [5] as [VARCHAR] - [3e5a07fe-sf9c-4bgd-9914-1cexa883fc45]
2023-05-21 10:51:14.933 [http-nio-16111-exec-1] TRACE o.h.type.descriptor.sql.BasicBinder - binding parameter [6] as [VARCHAR] - [15814521254]
2023-05-21 10:51:14.934 [http-nio-16111-exec-1] TRACE o.h.type.descriptor.sql.BasicBinder - binding parameter [7] as [DOUBLE] - [0.0]
2023-05-21 10:51:14.934 [http-nio-16111-exec-1] TRACE o.h.type.descriptor.sql.BasicBinder - binding parameter [8] as [VARCHAR] - [2023-10-01 09:34:00]
2023-05-21 10:51:14.934 [http-nio-16111-exec-1] TRACE o.h.type.descriptor.sql.BasicBinder - binding parameter [9] as [VARCHAR] - [上饶]
2023-05-21 10:51:14.934 [http-nio-16111-exec-1] TRACE o.h.type.descriptor.sql.BasicBinder - binding parameter [10] as [DOUBLE] - [20.0]
2023-05-21 10:51:14.934 [http-nio-16111-exec-1] TRACE o.h.type.descriptor.sql.BasicBinder - binding parameter [11] as [VARCHAR] - [c15a65ac-91fe-42f5-82c8-06872b5e0de1]
2023-05-21 10:54:44.218 [http-nio-16111-exec-2] DEBUG org.hibernate.SQL - select consignrec0_.consign_record_id as consign_1_0_0_, consignrec0_.user_id as user_id2_0_0_, consignrec0_.consignee as consigne3_0_0_, consignrec0_.from_place as from_pla4_0_0_, consignrec0_.handle_date as handle_d5_0_0_, consignrec0_.order_id as order_id6_0_0_, consignrec0_.consign_record_phone as consign_7_0_0_, consignrec0_.consign_record_price as consign_8_0_0_, consignrec0_.target_date as target_d9_0_0_, consignrec0_.to_place as to_plac10_0_0_, consignrec0_.weight as weight11_0_0_ from consign_record consignrec0_ where consignrec0_.consign_record_id=?
2023-05-21 10:54:44.219 [http-nio-16111-exec-2] TRACE o.h.type.descriptor.sql.BasicBinder - binding parameter [1] as [VARCHAR] - [af2820fa-b57a-40a8-b6e9-03f7e1bc0040]
2023-05-21 10:54:44.248 [http-nio-16111-exec-2] DEBUG org.hibernate.SQL - insert into consign_record (user_id, consignee, from_place, handle_date, order_id, consign_record_phone, consign_record_price, target_date, to_place, weight, consign_record_id) values (?, ?, ?, ?, ?, ?, ?, ?, ?, ?, ?)
2023-05-21 10:54:44.248 [http-nio-16111-exec-2] TRACE o.h.type.descriptor.sql.BasicBinder - binding parameter [1] as [VARCHAR] - [3e5a07f4-4a9c-44cd-9997-1ce77883fc45]
2023-05-21 10:54:44.248 [http-nio-16111-exec-2] TRACE o.h.type.descriptor.sql.BasicBinder - binding parameter [2] as [VARCHAR] - [张三]
2023-05-21 10:54:44.248 [http-nio-16111-exec-2] TRACE o.h.type.descriptor.sql.BasicBinder - binding parameter [3] as [VARCHAR] - [上海]
2023-05-21 10:54:44.248 [http-nio-16111-exec-2] TRACE o.h.type.descriptor.sql.BasicBinder - binding parameter [4] as [VARCHAR] - [2023-04-07 09:34:00]
2023-05-21 10:54:44.251 [http-nio-16111-exec-2] TRACE o.h.type.descriptor.sql.BasicBinder - binding parameter [5] as [VARCHAR] - [3e5a07fe-sf9c-4bgd-9914-1cexa883fc45]
2023-05-21 10:54:44.251 [http-nio-16111-exec-2] TRACE o.h.type.descriptor.sql.BasicBinder - binding parameter [6] as [VARCHAR] - [15814521254]
2023-05-21 10:54:44.251 [http-nio-16111-exec-2] TRACE o.h.type.descriptor.sql.BasicBinder - binding parameter [7] as [DOUBLE] - [0.0]
2023-05-21 10:54:44.251 [http-nio-16111-exec-2] TRACE o.h.type.descriptor.sql.BasicBinder - binding parameter [8] as [VARCHAR] - [2023-10-01 09:34:00]
2023-05-21 10:54:44.251 [http-nio-16111-exec-2] TRACE o.h.type.descriptor.sql.BasicBinder - binding parameter [9] as [VARCHAR] - [上饶]
2023-05-21 10:54:44.251 [http-nio-16111-exec-2] TRACE o.h.type.descriptor.sql.BasicBinder - binding parameter [10] as [DOUBLE] - [20.0]
2023-05-21 10:54:44.252 [http-nio-16111-exec-2] TRACE o.h.type.descriptor.sql.BasicBinder - binding parameter [11] as [VARCHAR] - [af2820fa-b57a-40a8-b6e9-03f7e1bc0040]
2023-05-21 11:00:25.068 [http-nio-16111-exec-1] DEBUG org.hibernate.SQL - select consignrec0_.consign_record_id as consign_1_0_0_, consignrec0_.user_id as user_id2_0_0_, consignrec0_.consignee as consigne3_0_0_, consignrec0_.from_place as from_pla4_0_0_, consignrec0_.handle_date as handle_d5_0_0_, consignrec0_.order_id as order_id6_0_0_, consignrec0_.consign_record_phone as consign_7_0_0_, consignrec0_.consign_record_price as consign_8_0_0_, consignrec0_.target_date as target_d9_0_0_, consignrec0_.to_place as to_plac10_0_0_, consignrec0_.weight as weight11_0_0_ from consign_record consignrec0_ where consignrec0_.consign_record_id=?
2023-05-21 11:00:25.075 [http-nio-16111-exec-1] TRACE o.h.type.descriptor.sql.BasicBinder - binding parameter [1] as [VARCHAR] - [fb9f25a9-7eec-4da0-a5ff-3e3d7bad6c56]
2023-05-21 11:00:25.147 [http-nio-16111-exec-1] DEBUG org.hibernate.SQL - insert into consign_record (user_id, consignee, from_place, handle_date, order_id, consign_record_phone, consign_record_price, target_date, to_place, weight, consign_record_id) values (?, ?, ?, ?, ?, ?, ?, ?, ?, ?, ?)
2023-05-21 11:00:25.148 [http-nio-16111-exec-1] TRACE o.h.type.descriptor.sql.BasicBinder - binding parameter [1] as [VARCHAR] - [3e5a07f4-4a9c-44cd-9997-1ce77883fc45]
2023-05-21 11:00:25.149 [http-nio-16111-exec-1] TRACE o.h.type.descriptor.sql.BasicBinder - binding parameter [2] as [VARCHAR] - [张三]
2023-05-21 11:00:25.149 [http-nio-16111-exec-1] TRACE o.h.type.descriptor.sql.BasicBinder - binding parameter [3] as [VARCHAR] - [上海]
2023-05-21 11:00:25.149 [http-nio-16111-exec-1] TRACE o.h.type.descriptor.sql.BasicBinder - binding parameter [4] as [VARCHAR] - [2023-04-07 09:34:00]
2023-05-21 11:00:25.149 [http-nio-16111-exec-1] TRACE o.h.type.descriptor.sql.BasicBinder - binding parameter [5] as [VARCHAR] - [3e5a07fe-sf9c-4bgd-9914-1cexa883fc45]
2023-05-21 11:00:25.149 [http-nio-16111-exec-1] TRACE o.h.type.descriptor.sql.BasicBinder - binding parameter [6] as [VARCHAR] - [15814521254]
2023-05-21 11:00:25.151 [http-nio-16111-exec-1] TRACE o.h.type.descriptor.sql.BasicBinder - binding parameter [7] as [DOUBLE] - [0.0]
2023-05-21 11:00:25.151 [http-nio-16111-exec-1] TRACE o.h.type.descriptor.sql.BasicBinder - binding parameter [8] as [VARCHAR] - [2023-10-01 09:34:00]
2023-05-21 11:00:25.151 [http-nio-16111-exec-1] TRACE o.h.type.descriptor.sql.BasicBinder - binding parameter [9] as [VARCHAR] - [上饶]
2023-05-21 11:00:25.151 [http-nio-16111-exec-1] TRACE o.h.type.descriptor.sql.BasicBinder - binding parameter [10] as [DOUBLE] - [20.0]
2023-05-21 11:00:25.152 [http-nio-16111-exec-1] TRACE o.h.type.descriptor.sql.BasicBinder - binding parameter [11] as [VARCHAR] - [fb9f25a9-7eec-4da0-a5ff-3e3d7bad6c56]
2023-05-21 11:15:46.716 [http-nio-16111-exec-2] DEBUG org.hibernate.SQL - select consignrec0_.consign_record_id as consign_1_0_0_, consignrec0_.user_id as user_id2_0_0_, consignrec0_.consignee as consigne3_0_0_, consignrec0_.from_place as from_pla4_0_0_, consignrec0_.handle_date as handle_d5_0_0_, consignrec0_.order_id as order_id6_0_0_, consignrec0_.consign_record_phone as consign_7_0_0_, consignrec0_.consign_record_price as consign_8_0_0_, consignrec0_.target_date as target_d9_0_0_, consignrec0_.to_place as to_plac10_0_0_, consignrec0_.weight as weight11_0_0_ from consign_record consignrec0_ where consignrec0_.consign_record_id=?
2023-05-21 11:15:46.720 [http-nio-16111-exec-2] TRACE o.h.type.descriptor.sql.BasicBinder - binding parameter [1] as [VARCHAR] - [76692574-f2f3-4952-bec5-d81605a5072f]
2023-05-21 11:15:46.755 [http-nio-16111-exec-2] DEBUG org.hibernate.SQL - insert into consign_record (user_id, consignee, from_place, handle_date, order_id, consign_record_phone, consign_record_price, target_date, to_place, weight, consign_record_id) values (?, ?, ?, ?, ?, ?, ?, ?, ?, ?, ?)
2023-05-21 11:15:46.757 [http-nio-16111-exec-2] TRACE o.h.type.descriptor.sql.BasicBinder - binding parameter [1] as [VARCHAR] - [3e5a07f4-4a9c-44cd-9997-1ce77883fc45]
2023-05-21 11:15:46.757 [http-nio-16111-exec-2] TRACE o.h.type.descriptor.sql.BasicBinder - binding parameter [2] as [VARCHAR] - [张三]
2023-05-21 11:15:46.757 [http-nio-16111-exec-2] TRACE o.h.type.descriptor.sql.BasicBinder - binding parameter [3] as [VARCHAR] - [上海]
2023-05-21 11:15:46.757 [http-nio-16111-exec-2] TRACE o.h.type.descriptor.sql.BasicBinder - binding parameter [4] as [VARCHAR] - [2023-04-07 09:34:00]
2023-05-21 11:15:46.758 [http-nio-16111-exec-2] TRACE o.h.type.descriptor.sql.BasicBinder - binding parameter [5] as [VARCHAR] - [3e5a07fe-sf9c-4bgd-9914-1cexa883fc45]
2023-05-21 11:15:46.758 [http-nio-16111-exec-2] TRACE o.h.type.descriptor.sql.BasicBinder - binding parameter [6] as [VARCHAR] - [15814521254]
2023-05-21 11:15:46.758 [http-nio-16111-exec-2] TRACE o.h.type.descriptor.sql.BasicBinder - binding parameter [7] as [DOUBLE] - [0.0]
2023-05-21 11:15:46.758 [http-nio-16111-exec-2] TRACE o.h.type.descriptor.sql.BasicBinder - binding parameter [8] as [VARCHAR] - [2023-10-01 09:34:00]
2023-05-21 11:15:46.758 [http-nio-16111-exec-2] TRACE o.h.type.descriptor.sql.BasicBinder - binding parameter [9] as [VARCHAR] - [上饶]
2023-05-21 11:15:46.758 [http-nio-16111-exec-2] TRACE o.h.type.descriptor.sql.BasicBinder - binding parameter [10] as [DOUBLE] - [20.0]
2023-05-21 11:15:46.758 [http-nio-16111-exec-2] TRACE o.h.type.descriptor.sql.BasicBinder - binding parameter [11] as [VARCHAR] - [76692574-f2f3-4952-bec5-d81605a5072f]
2023-05-21 11:22:10.254 [http-nio-16111-exec-1] DEBUG org.hibernate.SQL - select consignrec0_.consign_record_id as consign_1_0_0_, consignrec0_.user_id as user_id2_0_0_, consignrec0_.consignee as consigne3_0_0_, consignrec0_.from_place as from_pla4_0_0_, consignrec0_.handle_date as handle_d5_0_0_, consignrec0_.order_id as order_id6_0_0_, consignrec0_.consign_record_phone as consign_7_0_0_, consignrec0_.consign_record_price as consign_8_0_0_, consignrec0_.target_date as target_d9_0_0_, consignrec0_.to_place as to_plac10_0_0_, consignrec0_.weight as weight11_0_0_ from consign_record consignrec0_ where consignrec0_.consign_record_id=?
2023-05-21 11:22:10.260 [http-nio-16111-exec-1] TRACE o.h.type.descriptor.sql.BasicBinder - binding parameter [1] as [VARCHAR] - [b777134b-31db-4736-b59d-ee4712ad438e]
2023-05-21 11:22:10.314 [http-nio-16111-exec-1] DEBUG org.hibernate.SQL - insert into consign_record (user_id, consignee, from_place, handle_date, order_id, consign_record_phone, consign_record_price, target_date, to_place, weight, consign_record_id) values (?, ?, ?, ?, ?, ?, ?, ?, ?, ?, ?)
2023-05-21 11:22:10.314 [http-nio-16111-exec-1] TRACE o.h.type.descriptor.sql.BasicBinder - binding parameter [1] as [VARCHAR] - [3e5a07f4-4a9c-44cd-9997-1ce77883fc45]
2023-05-21 11:22:10.315 [http-nio-16111-exec-1] TRACE o.h.type.descriptor.sql.BasicBinder - binding parameter [2] as [VARCHAR] - [张三]
2023-05-21 11:22:10.315 [http-nio-16111-exec-1] TRACE o.h.type.descriptor.sql.BasicBinder - binding parameter [3] as [VARCHAR] - [上海]
2023-05-21 11:22:10.315 [http-nio-16111-exec-1] TRACE o.h.type.descriptor.sql.BasicBinder - binding parameter [4] as [VARCHAR] - [2023-04-07 09:34:00]
2023-05-21 11:22:10.315 [http-nio-16111-exec-1] TRACE o.h.type.descriptor.sql.BasicBinder - binding parameter [5] as [VARCHAR] - [3e5a07fe-sf9c-4bgd-9914-1cexa883fc45]
2023-05-21 11:22:10.315 [http-nio-16111-exec-1] TRACE o.h.type.descriptor.sql.BasicBinder - binding parameter [6] as [VARCHAR] - [15814521254]
2023-05-21 11:22:10.315 [http-nio-16111-exec-1] TRACE o.h.type.descriptor.sql.BasicBinder - binding parameter [7] as [DOUBLE] - [0.0]
2023-05-21 11:22:10.315 [http-nio-16111-exec-1] TRACE o.h.type.descriptor.sql.BasicBinder - binding parameter [8] as [VARCHAR] - [2023-10-01 09:34:00]
2023-05-21 11:22:10.315 [http-nio-16111-exec-1] TRACE o.h.type.descriptor.sql.BasicBinder - binding parameter [9] as [VARCHAR] - [上饶]
2023-05-21 11:22:10.315 [http-nio-16111-exec-1] TRACE o.h.type.descriptor.sql.BasicBinder - binding parameter [10] as [DOUBLE] - [20.0]
2023-05-21 11:22:10.315 [http-nio-16111-exec-1] TRACE o.h.type.descriptor.sql.BasicBinder - binding parameter [11] as [VARCHAR] - [b777134b-31db-4736-b59d-ee4712ad438e]
2023-05-21 15:59:38.800 [http-nio-16111-exec-1] DEBUG org.hibernate.SQL - select consignrec0_.consign_record_id as consign_1_0_0_, consignrec0_.user_id as user_id2_0_0_, consignrec0_.consignee as consigne3_0_0_, consignrec0_.from_place as from_pla4_0_0_, consignrec0_.handle_date as handle_d5_0_0_, consignrec0_.order_id as order_id6_0_0_, consignrec0_.consign_record_phone as consign_7_0_0_, consignrec0_.consign_record_price as consign_8_0_0_, consignrec0_.target_date as target_d9_0_0_, consignrec0_.to_place as to_plac10_0_0_, consignrec0_.weight as weight11_0_0_ from consign_record consignrec0_ where consignrec0_.consign_record_id=?
2023-05-21 15:59:38.808 [http-nio-16111-exec-1] TRACE o.h.type.descriptor.sql.BasicBinder - binding parameter [1] as [VARCHAR] - [833b8c88-8591-402d-86e3-94e8b955be56]
2023-05-21 15:59:38.870 [http-nio-16111-exec-1] DEBUG org.hibernate.SQL - insert into consign_record (user_id, consignee, from_place, handle_date, order_id, consign_record_phone, consign_record_price, target_date, to_place, weight, consign_record_id) values (?, ?, ?, ?, ?, ?, ?, ?, ?, ?, ?)
2023-05-21 15:59:38.871 [http-nio-16111-exec-1] TRACE o.h.type.descriptor.sql.BasicBinder - binding parameter [1] as [VARCHAR] - [3e5a07f4-4a9c-44cd-9997-1ce77883fc45]
2023-05-21 15:59:38.871 [http-nio-16111-exec-1] TRACE o.h.type.descriptor.sql.BasicBinder - binding parameter [2] as [VARCHAR] - [张三]
2023-05-21 15:59:38.871 [http-nio-16111-exec-1] TRACE o.h.type.descriptor.sql.BasicBinder - binding parameter [3] as [VARCHAR] - [上海]
2023-05-21 15:59:38.871 [http-nio-16111-exec-1] TRACE o.h.type.descriptor.sql.BasicBinder - binding parameter [4] as [VARCHAR] - [2023-04-07 09:34:00]
2023-05-21 15:59:38.871 [http-nio-16111-exec-1] TRACE o.h.type.descriptor.sql.BasicBinder - binding parameter [5] as [VARCHAR] - [3e5a07fe-sf9c-4bgd-9914-1cexa883fc45]
2023-05-21 15:59:38.871 [http-nio-16111-exec-1] TRACE o.h.type.descriptor.sql.BasicBinder - binding parameter [6] as [VARCHAR] - [15814521254]
2023-05-21 15:59:38.871 [http-nio-16111-exec-1] TRACE o.h.type.descriptor.sql.BasicBinder - binding parameter [7] as [DOUBLE] - [0.0]
2023-05-21 15:59:38.872 [http-nio-16111-exec-1] TRACE o.h.type.descriptor.sql.BasicBinder - binding parameter [8] as [VARCHAR] - [2023-10-01 09:34:00]
2023-05-21 15:59:38.872 [http-nio-16111-exec-1] TRACE o.h.type.descriptor.sql.BasicBinder - binding parameter [9] as [VARCHAR] - [上饶]
2023-05-21 15:59:38.872 [http-nio-16111-exec-1] TRACE o.h.type.descriptor.sql.BasicBinder - binding parameter [10] as [DOUBLE] - [20.0]
2023-05-21 15:59:38.872 [http-nio-16111-exec-1] TRACE o.h.type.descriptor.sql.BasicBinder - binding parameter [11] as [VARCHAR] - [833b8c88-8591-402d-86e3-94e8b955be56]
2023-05-21 15:59:40.124 [http-nio-16110-exec-4] DEBUG org.hibernate.SQL - select consignpri0_.id as id1_0_, consignpri0_.beyond_price as beyond_p2_0_, consignpri0_.idx as idx3_0_, consignpri0_.initial_price as initial_4_0_, consignpri0_.initial_weight as initial_5_0_, consignpri0_.within_price as within_p6_0_ from consign_price consignpri0_ where consignpri0_.idx=?
2023-05-21 15:59:40.164 [http-nio-16110-exec-4] TRACE o.h.type.descriptor.sql.BasicBinder - binding parameter [1] as [INTEGER] - [0]
2023-05-21 15:59:40.202 [http-nio-16110-exec-4] TRACE o.h.t.descriptor.sql.BasicExtractor - extracted value ([id1_0_] : [VARCHAR]) - [64d29c42-8ff5-4d32-ab70-368bb3da3077]
2023-05-21 15:59:40.211 [http-nio-16110-exec-4] TRACE o.h.t.descriptor.sql.BasicExtractor - extracted value ([beyond_p2_0_] : [DOUBLE]) - [4.0]
2023-05-21 15:59:40.212 [http-nio-16110-exec-4] TRACE o.h.t.descriptor.sql.BasicExtractor - extracted value ([idx3_0_] : [INTEGER]) - [0]
2023-05-21 15:59:40.212 [http-nio-16110-exec-4] TRACE o.h.t.descriptor.sql.BasicExtractor - extracted value ([initial_4_0_] : [DOUBLE]) - [8.0]
2023-05-21 15:59:40.212 [http-nio-16110-exec-4] TRACE o.h.t.descriptor.sql.BasicExtractor - extracted value ([initial_5_0_] : [DOUBLE]) - [1.0]
2023-05-21 15:59:40.212 [http-nio-16110-exec-4] TRACE o.h.t.descriptor.sql.BasicExtractor - extracted value ([within_p6_0_] : [DOUBLE]) - [2.0]
2023-05-21 15:59:40.785 [http-nio-16111-exec-3] DEBUG org.hibernate.SQL - select consignrec0_.consign_record_id as consign_1_0_0_, consignrec0_.user_id as user_id2_0_0_, consignrec0_.consignee as consigne3_0_0_, consignrec0_.from_place as from_pla4_0_0_, consignrec0_.handle_date as handle_d5_0_0_, consignrec0_.order_id as order_id6_0_0_, consignrec0_.consign_record_phone as consign_7_0_0_, consignrec0_.consign_record_price as consign_8_0_0_, consignrec0_.target_date as target_d9_0_0_, consignrec0_.to_place as to_plac10_0_0_, consignrec0_.weight as weight11_0_0_ from consign_record consignrec0_ where consignrec0_.consign_record_id=?
2023-05-21 15:59:40.786 [http-nio-16111-exec-3] TRACE o.h.type.descriptor.sql.BasicBinder - binding parameter [1] as [VARCHAR] - [833b8c88-8591-402d-86e3-94e8b955be56]
2023-05-21 15:59:40.825 [http-nio-16111-exec-3] TRACE o.h.t.descriptor.sql.BasicExtractor - extracted value ([user_id2_0_0_] : [VARCHAR]) - [3e5a07f4-4a9c-44cd-9997-1ce77883fc45]
2023-05-21 15:59:40.825 [http-nio-16111-exec-3] TRACE o.h.t.descriptor.sql.BasicExtractor - extracted value ([consigne3_0_0_] : [VARCHAR]) - [张三]
2023-05-21 15:59:40.825 [http-nio-16111-exec-3] TRACE o.h.t.descriptor.sql.BasicExtractor - extracted value ([from_pla4_0_0_] : [VARCHAR]) - [上海]
2023-05-21 15:59:40.825 [http-nio-16111-exec-3] TRACE o.h.t.descriptor.sql.BasicExtractor - extracted value ([handle_d5_0_0_] : [VARCHAR]) - [2023-04-07 09:34:00]
2023-05-21 15:59:40.825 [http-nio-16111-exec-3] TRACE o.h.t.descriptor.sql.BasicExtractor - extracted value ([order_id6_0_0_] : [VARCHAR]) - [3e5a07fe-sf9c-4bgd-9914-1cexa883fc45]
2023-05-21 15:59:40.825 [http-nio-16111-exec-3] TRACE o.h.t.descriptor.sql.BasicExtractor - extracted value ([consign_7_0_0_] : [VARCHAR]) - [15814521254]
2023-05-21 15:59:40.826 [http-nio-16111-exec-3] TRACE o.h.t.descriptor.sql.BasicExtractor - extracted value ([consign_8_0_0_] : [DOUBLE]) - [0.0]
2023-05-21 15:59:40.826 [http-nio-16111-exec-3] TRACE o.h.t.descriptor.sql.BasicExtractor - extracted value ([target_d9_0_0_] : [VARCHAR]) - [2023-10-01 09:34:00]
2023-05-21 15:59:40.826 [http-nio-16111-exec-3] TRACE o.h.t.descriptor.sql.BasicExtractor - extracted value ([to_plac10_0_0_] : [VARCHAR]) - [上饶]
2023-05-21 15:59:40.826 [http-nio-16111-exec-3] TRACE o.h.t.descriptor.sql.BasicExtractor - extracted value ([weight11_0_0_] : [DOUBLE]) - [20.0]
2023-05-21 15:59:41.015 [http-nio-16111-exec-3] DEBUG org.hibernate.SQL - update consign_record set user_id=?, consignee=?, from_place=?, handle_date=?, order_id=?, consign_record_phone=?, consign_record_price=?, target_date=?, to_place=?, weight=? where consign_record_id=?
2023-05-21 15:59:41.016 [http-nio-16111-exec-3] TRACE o.h.type.descriptor.sql.BasicBinder - binding parameter [1] as [VARCHAR] - [3e5a07f4-4a9c-44cd-9997-1ce77883fc45]
2023-05-21 15:59:41.016 [http-nio-16111-exec-3] TRACE o.h.type.descriptor.sql.BasicBinder - binding parameter [2] as [VARCHAR] - [张三]
2023-05-21 15:59:41.016 [http-nio-16111-exec-3] TRACE o.h.type.descriptor.sql.BasicBinder - binding parameter [3] as [VARCHAR] - [上海]
2023-05-21 15:59:41.016 [http-nio-16111-exec-3] TRACE o.h.type.descriptor.sql.BasicBinder - binding parameter [4] as [VARCHAR] - [2023-04-07 09:34:00]
2023-05-21 15:59:41.016 [http-nio-16111-exec-3] TRACE o.h.type.descriptor.sql.BasicBinder - binding parameter [5] as [VARCHAR] - [3e5a07fe-sf9c-4bgd-9914-1cexa883fc45]
2023-05-21 15:59:41.016 [http-nio-16111-exec-3] TRACE o.h.type.descriptor.sql.BasicBinder - binding parameter [6] as [VARCHAR] - [15814521254]
2023-05-21 15:59:41.016 [http-nio-16111-exec-3] TRACE o.h.type.descriptor.sql.BasicBinder - binding parameter [7] as [DOUBLE] - [46.0]
2023-05-21 15:59:41.016 [http-nio-16111-exec-3] TRACE o.h.type.descriptor.sql.BasicBinder - binding parameter [8] as [VARCHAR] - [2023-10-01 09:34:00]
2023-05-21 15:59:41.016 [http-nio-16111-exec-3] TRACE o.h.type.descriptor.sql.BasicBinder - binding parameter [9] as [VARCHAR] - [上饶]
2023-05-21 15:59:41.016 [http-nio-16111-exec-3] TRACE o.h.type.descriptor.sql.BasicBinder - binding parameter [10] as [DOUBLE] - [20.0]
2023-05-21 15:59:41.016 [http-nio-16111-exec-3] TRACE o.h.type.descriptor.sql.BasicBinder - binding parameter [11] as [VARCHAR] - [833b8c88-8591-402d-86e3-94e8b955be56]
